2026-06-11 21:16:57,467 - INFO - --- Starting Python Script using Pymer4 (2026-06-11 21:16:57.467452) ---
2026-06-11 21:16:57,467 - INFO - R console output will be redirected to this log.
2026-06-11 21:16:57,494 - INFO - Successfully connected to database 'rugby' on :5432
2026-06-11 21:16:57,494 - INFO - Fetching data from database...
2026-06-11 21:16:57,497 - INFO - Fetched data shape: (644, 7)
2026-06-11 21:16:57,497 - INFO - Preprocessing data...
2026-06-11 21:16:57,498 - INFO - Converting column 'game_id' to string type before category conversion for R compatibility.
2026-06-11 21:16:57,498 - INFO - Converted column 'field' to category.
2026-06-11 21:16:57,499 - INFO - Converted column 'team' to category.
2026-06-11 21:16:57,499 - INFO - Converted column 'opponent' to category.
2026-06-11 21:16:57,499 - INFO - Converted column 'game_id' to category.
2026-06-11 21:16:57,500 - INFO - Checked 'gs' and 'w' columns: all values are finite.
2026-06-11 21:16:57,500 - INFO - Using 644 rows for model fitting after weight filtering.
2026-06-11 21:16:57,500 - INFO - Using factor name map for parameter levels: {'game_id': 'game_id', 'opponent': 'defense', 'team': 'offense', 'field': 'field'}
2026-06-11 21:16:57,500 - INFO - Extracting parameter levels...
2026-06-11 21:16:57,501 - INFO - Mapping internal column 'team' to parameter 'offense' for levels table.
2026-06-11 21:16:57,501 - INFO - Mapping internal column 'opponent' to parameter 'defense' for levels table.
2026-06-11 21:16:57,502 - INFO - Parameter levels DataFrame shape: (358, 3)
2026-06-11 21:16:57,503 - INFO - Parameter levels head:
   parameter    type     level
19   defense  random   Broncos
20   defense  random  Bulldogs
21   defense  random   Cowboys
22   defense  random  Dolphins
23   defense  random   Dragons
2026-06-11 21:16:57,503 - INFO - Writing parameter levels to database table nrl._parameter_levels...
2026-06-11 21:16:57,513 - INFO - Successfully wrote parameter levels.
2026-06-11 21:16:57,513 - INFO - Defining and fitting the GLMM using Pymer4...
2026-06-11 21:16:57,513 - INFO - Model formula: gs ~ field + (1|team) + (1|opponent) + (1|game_id)
2026-06-11 21:16:57,513 - INFO - Starting model fit (this may take time)...
2026-06-11 21:16:58,541 - WARNING - R[write to console]: In addition: 
2026-06-11 21:16:58,541 - WARNING - R[write to console]: Warning messages:

2026-06-11 21:16:58,541 - WARNING - R[write to console]: 1: 
2026-06-11 21:16:58,541 - WARNING - R[write to console]: In (function (package, help, pos = 2, lib.loc = NULL, character.only = FALSE,  :
2026-06-11 21:16:58,541 - WARNING - R[write to console]: 
 
2026-06-11 21:16:58,541 - WARNING - R[write to console]:  library ‘/usr/lib/R/site-library’ contains no packages

2026-06-11 21:16:58,541 - WARNING - R[write to console]: 2: 
2026-06-11 21:16:58,541 - WARNING - R[write to console]: In (function (package, help, pos = 2, lib.loc = NULL, character.only = FALSE,  :
2026-06-11 21:16:58,541 - WARNING - R[write to console]: 
 
2026-06-11 21:16:58,541 - WARNING - R[write to console]:  library ‘/usr/lib/R/site-library’ contains no packages

2026-06-11 21:16:58,541 - WARNING - R[write to console]: 3: 
2026-06-11 21:16:58,541 - WARNING - R[write to console]: In (function (package, help, pos = 2, lib.loc = NULL, character.only = FALSE,  :
2026-06-11 21:16:58,541 - WARNING - R[write to console]: 
 
2026-06-11 21:16:58,541 - WARNING - R[write to console]:  library ‘/usr/lib/R/site-library’ contains no packages

2026-06-11 21:16:58,541 - WARNING - R[write to console]: 4: 
2026-06-11 21:16:58,541 - WARNING - R[write to console]: In (function (package, help, pos = 2, lib.loc = NULL, character.only = FALSE,  :
2026-06-11 21:16:58,541 - WARNING - R[write to console]: 
 
2026-06-11 21:16:58,541 - WARNING - R[write to console]:  library ‘/usr/lib/R/site-library’ contains no packages

2026-06-11 21:16:58,541 - WARNING - R[write to console]: 5: 
2026-06-11 21:16:58,541 - WARNING - R[write to console]: In (function (package, help, pos = 2, lib.loc = NULL, character.only = FALSE,  :
2026-06-11 21:16:58,541 - WARNING - R[write to console]: 
 
2026-06-11 21:16:58,541 - WARNING - R[write to console]:  library ‘/usr/lib/R/site-library’ contains no packages

2026-06-11 21:16:58,791 - WARNING - R[write to console]: In addition: 
2026-06-11 21:16:58,791 - WARNING - R[write to console]: Warning message:

2026-06-11 21:16:58,791 - WARNING - R[write to console]: In Matrix.DeprecatedCoerce(cd1, cd2) :
2026-06-11 21:16:58,791 - WARNING - R[write to console]: 
 
2026-06-11 21:16:58,791 - WARNING - R[write to console]:  'as(<dsyMatrix>, "dpoMatrix")' is deprecated.
Use 'as(., "posdefMatrix")' instead.
See help("Deprecated") and help("Matrix-deprecated").

2026-06-11 21:16:58,819 - INFO - Model fitting complete.
2026-06-11 21:16:58,819 - INFO - --- Model Fit Summary (from Pymer4) ---
2026-06-11 21:16:58,822 - INFO -                    Estimate  2.5_ci  97.5_ci     SE  Z-stat  P-val  Sig
2026-06-11 21:16:58,822 - INFO - (Intercept)           3.058   2.962    3.154  0.049  62.501    0.0  ***
2026-06-11 21:16:58,822 - INFO - fieldoffense_home     0.113   0.081    0.145  0.016   6.893    0.0  ***
2026-06-11 21:16:58,822 - INFO - --- End Model Fit Summary ---
2026-06-11 21:16:58,822 - INFO - Extracting model results (Fixed and Random Effects)...
2026-06-11 21:16:58,823 - INFO - Using factor name map for random effects: {'game_id': 'game_id', 'opponent': 'defense', 'team': 'offense'}
2026-06-11 21:16:58,823 - INFO - Attempting to process model.coefs. Type: <class 'pandas.core.frame.DataFrame'>
2026-06-11 21:16:58,823 - INFO - model.coefs is a DataFrame. Extracting estimates.
2026-06-11 21:16:58,823 - INFO - Extracted 2 fixed effect(s) from model.coefs.
2026-06-11 21:16:58,823 - INFO - Attempting to process model.ranef. Type: <class 'list'>
2026-06-11 21:16:58,823 - INFO - model.ranef is a list with expected length 3. Processing elements.
2026-06-11 21:16:58,823 - INFO - Processing ranef element 0 for internal factor 'game_id'. Type: <class 'pandas.core.frame.DataFrame'>
2026-06-11 21:16:58,828 - INFO - Extracted 322 levels for random effect corresponding to 'game_id'.
2026-06-11 21:16:58,828 - INFO - Processing ranef element 1 for internal factor 'opponent'. Type: <class 'pandas.core.frame.DataFrame'>
2026-06-11 21:16:58,828 - INFO - Mapped internal factor 'opponent' to output factor 'defense'.
2026-06-11 21:16:58,828 - INFO - Extracted 17 levels for random effect corresponding to 'opponent'.
2026-06-11 21:16:58,828 - INFO - Processing ranef element 2 for internal factor 'team'. Type: <class 'pandas.core.frame.DataFrame'>
2026-06-11 21:16:58,828 - INFO - Mapped internal factor 'team' to output factor 'offense'.
2026-06-11 21:16:58,829 - INFO - Extracted 17 levels for random effect corresponding to 'team'.
2026-06-11 21:16:58,829 - INFO - Finished processing ranef list. Total random effect levels extracted: 356
2026-06-11 21:16:58,829 - INFO - Successfully extracted 358 total factor level estimates into results_list.
2026-06-11 21:16:58,829 - INFO - Preparing combined DataFrame for database export...
2026-06-11 21:16:58,829 - INFO - Combined results DataFrame shape: (358, 4)
2026-06-11 21:16:58,830 - INFO - Combined results head:
              factor    type              level  estimate
0        (Intercept)   fixed        (Intercept)  3.057661
1  fieldoffense_home   fixed  fieldoffense_home  0.113180
2            game_id  random               1592 -0.096647
3            game_id  random               1593  0.100033
4            game_id  random               1594  0.235126
2026-06-11 21:16:58,831 - INFO - Combined results tail:
      factor    type         level  estimate
353  offense  random        Sharks  0.103378
354  offense  random         Storm  0.118240
355  offense  random        Titans -0.109054
356  offense  random      Warriors  0.033812
357  offense  random  Wests Tigers -0.095921
2026-06-11 21:16:58,831 - INFO - Writing combined results to database table nrl._basic_factors...
2026-06-11 21:16:58,854 - INFO - Successfully wrote combined results.
2026-06-11 21:16:58,854 - INFO - Results extraction and writing complete.
2026-06-11 21:16:58,854 - INFO - Closing database connection if open.
2026-06-11 21:16:58,855 - INFO - Database connection closed.
2026-06-11 21:16:58,855 - INFO - --- Python Script Finished (2026-06-11 21:16:58.855108) ---
2026-06-11 21:16:59,039 - INFO - Embedded R ended.
2026-06-11 21:16:59,040 - INFO - Embedded R already ended.
