2025-04-18 22:27:32,251 - INFO - --- Starting Python Script using Pymer4 ---
2025-04-18 22:27:32,322 - INFO - Connected to database 'rugby' on localhost:5432
2025-04-18 22:27:32,322 - INFO - Fetching data from database...
2025-04-18 22:27:32,336 - INFO - Fetched data shape: (522, 7)
2025-04-18 22:27:32,336 - INFO - Preprocessing data...
2025-04-18 22:27:32,336 - INFO - Converting column 'game_id' to string type before category conversion for R compatibility.
2025-04-18 22:27:32,337 - INFO - Converted column 'field' to category.
2025-04-18 22:27:32,338 - INFO - Converted column 'team' to category.
2025-04-18 22:27:32,338 - INFO - Converted column 'opponent' to category.
2025-04-18 22:27:32,338 - INFO - Converted column 'game_id' to category.
2025-04-18 22:27:32,339 - INFO - Checked 'gs' and 'w' columns: all values are finite.
2025-04-18 22:27:32,339 - INFO - Extracting parameter levels...
2025-04-18 22:27:32,340 - INFO - Parameter levels DataFrame shape: (297, 3)
2025-04-18 22:27:32,340 - INFO - Writing parameter levels to database...
2025-04-18 22:27:32,382 - INFO - Successfully wrote parameter levels.
2025-04-18 22:27:32,382 - INFO - Defining and fitting the GLMM using Pymer4...
2025-04-18 22:27:32,383 - INFO - Model formula: gs ~ field + (1|team) + (1|opponent) + (1|game_id)
2025-04-18 22:27:32,383 - INFO - Starting model fit (this may take time)...
2025-04-18 22:27:33,269 - WARNING - R[write to console]: In addition: 
2025-04-18 22:27:33,270 - WARNING - R[write to console]: Warning messages:

2025-04-18 22:27:33,270 - WARNING - R[write to console]: 1: 
2025-04-18 22:27:33,270 - WARNING - R[write to console]: In (function (package, help, pos = 2, lib.loc = NULL, character.only = FALSE,  :
2025-04-18 22:27:33,270 - WARNING - R[write to console]: 
 
2025-04-18 22:27:33,270 - WARNING - R[write to console]:  library ‘/usr/lib/R/site-library’ contains no packages

2025-04-18 22:27:33,270 - WARNING - R[write to console]: 2: 
2025-04-18 22:27:33,270 - WARNING - R[write to console]: In (function (package, help, pos = 2, lib.loc = NULL, character.only = FALSE,  :
2025-04-18 22:27:33,270 - WARNING - R[write to console]: 
 
2025-04-18 22:27:33,270 - WARNING - R[write to console]:  library ‘/usr/lib/R/site-library’ contains no packages

2025-04-18 22:27:33,270 - WARNING - R[write to console]: 3: 
2025-04-18 22:27:33,270 - WARNING - R[write to console]: In (function (package, help, pos = 2, lib.loc = NULL, character.only = FALSE,  :
2025-04-18 22:27:33,270 - WARNING - R[write to console]: 
 
2025-04-18 22:27:33,270 - WARNING - R[write to console]:  library ‘/usr/lib/R/site-library’ contains no packages

2025-04-18 22:27:33,270 - WARNING - R[write to console]: 4: 
2025-04-18 22:27:33,270 - WARNING - R[write to console]: In (function (package, help, pos = 2, lib.loc = NULL, character.only = FALSE,  :
2025-04-18 22:27:33,270 - WARNING - R[write to console]: 
 
2025-04-18 22:27:33,270 - WARNING - R[write to console]:  library ‘/usr/lib/R/site-library’ contains no packages

2025-04-18 22:27:33,270 - WARNING - R[write to console]: 5: 
2025-04-18 22:27:33,270 - WARNING - R[write to console]: In (function (package, help, pos = 2, lib.loc = NULL, character.only = FALSE,  :
2025-04-18 22:27:33,270 - WARNING - R[write to console]: 
 
2025-04-18 22:27:33,270 - WARNING - R[write to console]:  library ‘/usr/lib/R/site-library’ contains no packages

2025-04-18 22:27:33,489 - WARNING - R[write to console]: In addition: 
2025-04-18 22:27:33,489 - WARNING - R[write to console]: Warning message:

2025-04-18 22:27:33,489 - WARNING - R[write to console]: In Matrix.DeprecatedCoerce(cd1, cd2) :
2025-04-18 22:27:33,490 - WARNING - R[write to console]: 
 
2025-04-18 22:27:33,490 - WARNING - R[write to console]:  'as(<dsyMatrix>, "dpoMatrix")' is deprecated.
Use 'as(., "posdefMatrix")' instead.
See help("Deprecated") and help("Matrix-deprecated").

2025-04-18 22:27:33,517 - INFO - Model fitting complete.
2025-04-18 22:27:33,517 - INFO - --- Model Fit Summary (from Pymer4) ---
2025-04-18 22:27:33,520 - INFO -                    Estimate  2.5_ci  97.5_ci     SE  Z-stat  P-val  Sig
2025-04-18 22:27:33,520 - INFO - (Intercept)           3.031   2.926    3.136  0.053  56.668    0.0  ***
2025-04-18 22:27:33,520 - INFO - fieldoffense_home     0.124   0.087    0.160  0.018   6.718    0.0  ***
2025-04-18 22:27:33,520 - INFO - --- End Model Fit Summary ---
2025-04-18 22:27:33,520 - INFO - Extracting model results (Fixed and Random Effects)...
2025-04-18 22:27:33,520 - INFO - Attempting to process model.coefs. Type: <class 'pandas.core.frame.DataFrame'>
2025-04-18 22:27:33,520 - INFO - model.coefs is a DataFrame. Extracting estimates.
2025-04-18 22:27:33,520 - INFO - Extracted 2 fixed effect(s) from model.coefs.
2025-04-18 22:27:33,520 - INFO - Attempting to process model.ranef. Type: <class 'list'>
2025-04-18 22:27:33,520 - INFO - model.ranef is a list with expected length 3. Processing elements.
2025-04-18 22:27:33,521 - INFO - Processing ranef element 0 for factor 'game_id'. Type: <class 'pandas.core.frame.DataFrame'>
2025-04-18 22:27:33,524 - INFO - Extracted 261 levels for random effect 'game_id'.
2025-04-18 22:27:33,524 - INFO - Processing ranef element 1 for factor 'opponent'. Type: <class 'pandas.core.frame.DataFrame'>
2025-04-18 22:27:33,525 - INFO - Extracted 17 levels for random effect 'opponent'.
2025-04-18 22:27:33,525 - INFO - Processing ranef element 2 for factor 'team'. Type: <class 'pandas.core.frame.DataFrame'>
2025-04-18 22:27:33,525 - INFO - Extracted 17 levels for random effect 'team'.
2025-04-18 22:27:33,525 - INFO - Finished processing ranef list. Total random effect levels extracted: 295
2025-04-18 22:27:33,525 - INFO - Successfully extracted 297 total factor level estimates into results_list.
2025-04-18 22:27:33,525 - INFO - Preparing combined DataFrame for database export...
2025-04-18 22:27:33,525 - INFO - Combined results DataFrame shape: (297, 4)
2025-04-18 22:27:33,526 - INFO - Combined results head:
      factor    type              level  estimate
0  Intercept   fixed        (Intercept)  3.030890
1      field   fixed  fieldoffense_home  0.123530
2    game_id  random               1379  0.171352
3    game_id  random               1380 -0.329780
4    game_id  random               1381  0.020434
2025-04-18 22:27:33,527 - INFO - Combined results tail:
    factor    type         level  estimate
292   team  random        Sharks  0.095356
293   team  random         Storm  0.244359
294   team  random        Titans -0.084269
295   team  random      Warriors -0.051659
296   team  random  Wests Tigers -0.139336
2025-04-18 22:27:33,527 - INFO - Writing combined results to database table nrl._basic_factors...
2025-04-18 22:27:33,566 - INFO - Successfully wrote combined results.
2025-04-18 22:27:33,566 - INFO - Results extraction and writing complete.
2025-04-18 22:27:33,566 - INFO - Closing database connection.
2025-04-18 22:27:33,566 - INFO - --- Python Script Finished ---
2025-04-18 22:27:33,732 - INFO - Embedded R ended.
2025-04-18 22:27:33,732 - INFO - Embedded R already ended.
